2026-02-26 09:01:30 | INFO     | trading_bot.orders | Placing MARKET order | symbol=BTCUSDT side=BUY qty=0.01
2026-02-26 09:01:30 | DEBUG    | trading_bot.client | REQUEST  POST https://testnet.binancefuture.com/fapi/v1/order | params={} | body={'symbol': 'BTCUSDT', 'side': 'BUY', 'type': 'MARKET', 'quantity': 0.01, 'timestamp': 1772076690883, 'signature': 'b2b3d4c04a0cb5860233a72568718b2a31363821a71c09535f0dc15f8ee24745'}
2026-02-26 09:01:32 | DEBUG    | trading_bot.client | RESPONSE POST https://testnet.binancefuture.com/fapi/v1/order | status=401 | body={"code":-2015,"msg":"Invalid API-key, IP, or permissions for action"}
2026-02-26 09:01:32 | ERROR    | trading_bot.client | API error -2015: Invalid API-key, IP, or permissions for action
2026-02-26 09:01:32 | ERROR    | trading_bot.orders | MARKET order failed | Binance API error -2015: Invalid API-key, IP, or permissions for action
2026-02-26 09:05:03 | INFO     | trading_bot.orders | Placing MARKET order | symbol=BTCUSDT side=BUY qty=0.01
2026-02-26 09:05:03 | DEBUG    | trading_bot.client | REQUEST  POST https://testnet.binancefuture.com/fapi/v1/order | params={} | body={'symbol': 'BTCUSDT', 'side': 'BUY', 'type': 'MARKET', 'quantity': 0.01, 'timestamp': 1772076903809, 'signature': '4420d2ed0c2b8971f3d2ebc900da3b7acd061e64790762e7aaca97f08fb168eb'}
2026-02-26 09:05:04 | DEBUG    | trading_bot.client | RESPONSE POST https://testnet.binancefuture.com/fapi/v1/order | status=401 | body={"code":-2015,"msg":"Invalid API-key, IP, or permissions for action"}
2026-02-26 09:05:04 | ERROR    | trading_bot.client | API error -2015: Invalid API-key, IP, or permissions for action
2026-02-26 09:05:04 | ERROR    | trading_bot.orders | MARKET order failed | Binance API error -2015: Invalid API-key, IP, or permissions for action
2026-02-26 09:08:10 | INFO     | trading_bot.orders | Placing MARKET order | symbol=BTCUSDT side=BUY qty=0.01
2026-02-26 09:08:10 | DEBUG    | trading_bot.client | REQUEST  POST https://testnet.binancefuture.com/fapi/v1/order | params={} | body={'symbol': 'BTCUSDT', 'side': 'BUY', 'type': 'MARKET', 'quantity': 0.01, 'timestamp': 1772077090234, 'signature': '1b50fe3f957e61ecbde77ad678bc49b3875862d10bdfe2ec88bf8fad4c7f3fd0'}
2026-02-26 09:08:11 | DEBUG    | trading_bot.client | RESPONSE POST https://testnet.binancefuture.com/fapi/v1/order | status=200 | body={"orderId":12548537737,"symbol":"BTCUSDT","status":"NEW","clientOrderId":"PRrLvhAkm3bweEcpDvqX23","price":"0.00","avgPrice":"0.00","origQty":"0.010","executedQty":"0.000","cumQty":"0.000","cumQuote":"0.00000","timeInForce":"GTC","type":"MARKET","reduceOnly":false,"closePosition":false,"side":"BUY","positionSide":"BOTH","stopPrice":"0.00","workingType":"CONTRACT_PRICE","priceProtect":false,"origType":"MARKET","priceMatch":"NONE","selfTradePreventionMode":"EXPIRE_MAKER","goodTillDate":0,"updateTime":1772077091659}
2026-02-26 09:08:11 | INFO     | trading_bot.orders | MARKET order success | orderId=12548537737 status=NEW
2026-02-26 09:10:30 | INFO     | trading_bot.orders | Placing MARKET order | symbol=BTCUSDT side=BUY qty=10.0
2026-02-26 09:10:30 | DEBUG    | trading_bot.client | REQUEST  POST https://testnet.binancefuture.com/fapi/v1/order | params={} | body={'symbol': 'BTCUSDT', 'side': 'BUY', 'type': 'MARKET', 'quantity': 10.0, 'timestamp': 1772077230667, 'signature': '10ad44bc94384ce272c6fadad4985e1c3ef64a66b368505a76f0b1eaa2fcbfc3'}
2026-02-26 09:10:31 | DEBUG    | trading_bot.client | RESPONSE POST https://testnet.binancefuture.com/fapi/v1/order | status=400 | body={"code":-2019,"msg":"Margin is insufficient."}
2026-02-26 09:10:31 | ERROR    | trading_bot.client | API error -2019: Margin is insufficient.
2026-02-26 09:10:31 | ERROR    | trading_bot.orders | MARKET order failed | Binance API error -2019: Margin is insufficient.
2026-02-26 09:11:33 | INFO     | trading_bot.orders | Placing MARKET order | symbol=BTCUSDT side=SELL qty=0.01
2026-02-26 09:11:33 | DEBUG    | trading_bot.client | REQUEST  POST https://testnet.binancefuture.com/fapi/v1/order | params={} | body={'symbol': 'BTCUSDT', 'side': 'SELL', 'type': 'MARKET', 'quantity': 0.01, 'timestamp': 1772077293520, 'signature': '3a0f4bab692d71a85e328bee0314f492ad3089b7293b5165fe6d59444393c145'}
2026-02-26 09:11:35 | DEBUG    | trading_bot.client | RESPONSE POST https://testnet.binancefuture.com/fapi/v1/order | status=200 | body={"orderId":12548548820,"symbol":"BTCUSDT","status":"NEW","clientOrderId":"0xy030emN0u7AsHaVsk5rF","price":"0.00","avgPrice":"0.00","origQty":"0.010","executedQty":"0.000","cumQty":"0.000","cumQuote":"0.00000","timeInForce":"GTC","type":"MARKET","reduceOnly":false,"closePosition":false,"side":"SELL","positionSide":"BOTH","stopPrice":"0.00","workingType":"CONTRACT_PRICE","priceProtect":false,"origType":"MARKET","priceMatch":"NONE","selfTradePreventionMode":"EXPIRE_MAKER","goodTillDate":0,"updateTime":1772077295373}
2026-02-26 09:11:35 | INFO     | trading_bot.orders | MARKET order success | orderId=12548548820 status=NEW
